<?xml version="1.0" encoding="UTF-8"?>
<!-- Generated by org.testng.reporters.JUnitXMLReporter -->
<testsuite ignored="0" hostname="Anshana" failures="0" tests="4" name="Test" time="52.941" errors="0" timestamp="2024-01-29T09:59:08 IST">
  <testcase classname="executePageClasses.LoginPageTestClass" name="verifySuccessfulLogin" time="4.806"/>
  <testcase classname="executePageClasses.LoginPageTestClass" name="verifyUnSuccessfulLogin" time="0.767"/>
  <testcase classname="executePageClasses.LoginPageTestClass" name="verifyUnSuccessfulLogin" time="0.895"/>
  <testcase classname="executePageClasses.LoginPageTestClass" name="verifyUnSuccessfulLogin" time="0.785"/>
</testsuite> <!-- Test -->
